<?xml version="1.0" encoding="UTF-8"?>
<!-- Generated by org.testng.reporters.JUnitReportReporter -->
<testsuite hostname="PavitraManohar" failures="0" tests="1" name="DemoProject.Pojoscreation.GetTest" time="2.086" errors="0" timestamp="2024-08-01T07:24:02 IST" skipped="0">
  <testcase classname="DemoProject.Pojoscreation.GetTest" name="getTest" time="2.086"/>
</testsuite> <!-- DemoProject.Pojoscreation.GetTest -->
