<?xml version="1.0" encoding="UTF-8"?>
<!-- Generated by org.testng.reporters.JUnitReportReporter -->
<testsuite hostname="PavitraManohar" failures="0" tests="1" name="DemoProject.APIAutomation.SpecbuilderTest" time="2.404" errors="0" timestamp="2024-07-30T00:26:28 IST" skipped="0">
  <testcase classname="DemoProject.APIAutomation.SpecbuilderTest" name="specbuilderTest" time="2.404"/>
</testsuite> <!-- DemoProject.APIAutomation.SpecbuilderTest -->
