<?xml version="1.0" encoding="UTF-8"?>
<!-- Generated by org.testng.reporters.JUnitReportReporter -->
<testsuite hostname="PavitraManohar" failures="0" tests="1" name="DemoProject.APIAutomation.EcomTest" time="2.567" errors="0" timestamp="2024-08-01T04:27:46 IST" skipped="0">
  <testcase classname="DemoProject.APIAutomation.EcomTest" name="generateToken" time="2.567"/>
</testsuite> <!-- DemoProject.APIAutomation.EcomTest -->
