<?xml version="1.0" encoding="UTF-8"?>
<!-- Generated by org.testng.reporters.JUnitReportReporter -->
<testsuite hostname="PavitraManohar" failures="0" tests="1" name="DemoProject.APIAutomation.AppTest" time="4.968" errors="0" timestamp="2024-07-30T06:57:32 IST" skipped="0">
  <testcase classname="DemoProject.APIAutomation.AppTest" name="GetPlace" time="4.968"/>
</testsuite> <!-- DemoProject.APIAutomation.AppTest -->
