<?xml version="1.0" encoding="UTF-8"?>
<!-- Generated by org.testng.reporters.JUnitReportReporter -->
<testsuite hostname="PavitraManohar" failures="0" tests="1" name="DemoProject.practice.Programming" time="0.021" errors="0" timestamp="2024-08-04T11:36:33 IST" skipped="0">
  <testcase classname="DemoProject.practice.Programming" name="reverseanArray" time="0.021"/>
</testsuite> <!-- DemoProject.practice.Programming -->
