<?xml version="1.0" encoding="UTF-8"?>
<!-- Generated by org.testng.reporters.JUnitReportReporter -->
<testsuite hostname="PavitraManohar" failures="0" tests="2" name="DemoProject.practice.libraryAPI" time="2.268" errors="0" timestamp="2024-07-30T10:35:09 IST" skipped="0">
  <testcase classname="DemoProject.practice.libraryAPI" name="addbook" time="0.174"/>
  <testcase classname="DemoProject.practice.libraryAPI" name="addbook" time="2.094"/>
</testsuite> <!-- DemoProject.practice.libraryAPI -->
