<?xml version="1.0" encoding="UTF-8"?>
<!-- Generated by org.testng.reporters.JUnitReportReporter -->
<testsuite hostname="PavitraManohar" failures="0" tests="1" name="DemoProject.practice.Oauth20" time="1.939" errors="0" timestamp="2024-08-02T23:17:21 IST" skipped="0">
  <testcase classname="DemoProject.practice.Oauth20" name="getOauth" time="1.939"/>
</testsuite> <!-- DemoProject.practice.Oauth20 -->
