<?xml version="1.0" encoding="UTF-8"?>
<!-- Generated by org.testng.reporters.JUnitReportReporter -->
<testsuite hostname="PavitraManohar" failures="0" tests="1" name="DemoProject.APIAutomation.AppTest" time="0.013" errors="0" timestamp="2024-08-03T17:20:53 IST" skipped="0">
  <testcase classname="DemoProject.APIAutomation.AppTest" name="reverseString" time="0.013"/>
</testsuite> <!-- DemoProject.APIAutomation.AppTest -->
