<?xml version="1.0" encoding="UTF-8"?>
<!-- Generated by org.testng.reporters.JUnitReportReporter -->
<testsuite hostname="PavitraManohar" failures="0" tests="1" name="DemoProject.practice.getDetailsfromJson" time="1.397" errors="0" timestamp="2024-07-30T09:54:36 IST" skipped="0">
  <testcase classname="DemoProject.practice.getDetailsfromJson" name="getCourseDetails" time="1.397"/>
</testsuite> <!-- DemoProject.practice.getDetailsfromJson -->
